<?xml version="1.0" encoding="UTF-8"?>
<testng-results ignored="0" total="2" passed="2" failed="0" skipped="0">
  <reporter-output>
  </reporter-output>
  <suite started-at="2021-12-27T10:50:07 IST" name="Suite" finished-at="2021-12-27T10:50:16 IST" duration-ms="9256">
    <groups>
    </groups>
    <test started-at="2021-12-27T10:50:07 IST" name="chrometest" finished-at="2021-12-27T10:50:10 IST" duration-ms="3551">
      <class name="cc1.cc2">
        <test-method signature="CCTest(java.lang.String)[pri:0, instance:cc1.cc2@d29f28]" started-at="2021-12-27T10:50:07 IST" name="CCTest" finished-at="2021-12-27T10:50:10 IST" duration-ms="3500" status="PASS">
          <params>
            <param index="0">
              <value>
                <![CDATA[chrome]]>
              </value>
            </param>
          </params>
          <reporter-output>
          </reporter-output>
        </test-method> <!-- CCTest -->
      </class> <!-- cc1.cc2 -->
    </test> <!-- chrometest -->
    <test started-at="2021-12-27T10:50:10 IST" name="firfoxtest" finished-at="2021-12-27T10:50:16 IST" duration-ms="5643">
      <class name="cc1.cc2">
        <test-method signature="CCTest(java.lang.String)[pri:0, instance:cc1.cc2@bae7dc0]" started-at="2021-12-27T10:50:10 IST" name="CCTest" finished-at="2021-12-27T10:50:16 IST" duration-ms="5640" status="PASS">
          <params>
            <param index="0">
              <value>
                <![CDATA[firefox]]>
              </value>
            </param>
          </params>
          <reporter-output>
          </reporter-output>
        </test-method> <!-- CCTest -->
      </class> <!-- cc1.cc2 -->
    </test> <!-- firfoxtest -->
  </suite> <!-- Suite -->
</testng-results>
